0 info it worked if it ends with ok
1 verbose cli [ '/home/user04/.nvm/versions/node/v6.11.2/bin/node',
1 verbose cli   '/home/user04/.nvm/versions/node/v6.11.2/bin/npm',
1 verbose cli   'run',
1 verbose cli   'build' ]
2 info using npm@3.10.10
3 info using node@v6.11.2
4 verbose run-script [ 'prebuild', 'build', 'postbuild' ]
5 info lifecycle webpack-guide@1.0.0~prebuild: webpack-guide@1.0.0
6 silly lifecycle webpack-guide@1.0.0~prebuild: no script for prebuild, continuing
7 info lifecycle webpack-guide@1.0.0~build: webpack-guide@1.0.0
8 verbose lifecycle webpack-guide@1.0.0~build: unsafe-perm in lifecycle true
9 verbose lifecycle webpack-guide@1.0.0~build: PATH: /home/user04/.nvm/versions/node/v6.11.2/lib/node_modules/npm/bin/node-gyp-bin:/home/user04/TASKS/Webpack Guide/node_modules/.bin:/home/user04/.nvm/versions/node/v6.11.2/bin:/home/user04/bin:/home/user04/.local/bin:/usr/local/sbin:/usr/local/bin:/usr/sbin:/usr/bin:/sbin:/bin:/usr/games:/usr/local/games:/snap/bin:/usr/lib/jvm/java-8-oracle/bin:/usr/lib/jvm/java-8-oracle/db/bin:/usr/lib/jvm/java-8-oracle/jre/bin:/snap/bin:/usr/lib/jvm/java-8-oracle/bin:/usr/lib/jvm/java-8-oracle/db/bin:/usr/lib/jvm/java-8-oracle/jre/bin:/opt/mssql-tools/bin:/opt/mssql-tools/bin
10 verbose lifecycle webpack-guide@1.0.0~build: CWD: /home/user04/TASKS/Webpack Guide
11 silly lifecycle webpack-guide@1.0.0~build: Args: [ '-c', 'webpack --config webpack.config.js' ]
12 silly lifecycle webpack-guide@1.0.0~build: Returned: code: 1  signal: null
13 info lifecycle webpack-guide@1.0.0~build: Failed to exec build script
14 verbose stack Error: webpack-guide@1.0.0 build: `webpack --config webpack.config.js`
14 verbose stack Exit status 1
14 verbose stack     at EventEmitter.<anonymous> (/home/user04/.nvm/versions/node/v6.11.2/lib/node_modules/npm/lib/utils/lifecycle.js:255:16)
14 verbose stack     at emitTwo (events.js:106:13)
14 verbose stack     at EventEmitter.emit (events.js:191:7)
14 verbose stack     at ChildProcess.<anonymous> (/home/user04/.nvm/versions/node/v6.11.2/lib/node_modules/npm/lib/utils/spawn.js:40:14)
14 verbose stack     at emitTwo (events.js:106:13)
14 verbose stack     at ChildProcess.emit (events.js:191:7)
14 verbose stack     at maybeClose (internal/child_process.js:891:16)
14 verbose stack     at Process.ChildProcess._handle.onexit (internal/child_process.js:226:5)
15 verbose pkgid webpack-guide@1.0.0
16 verbose cwd /home/user04/TASKS/Webpack Guide
17 error Linux 4.10.0-35-generic
18 error argv "/home/user04/.nvm/versions/node/v6.11.2/bin/node" "/home/user04/.nvm/versions/node/v6.11.2/bin/npm" "run" "build"
19 error node v6.11.2
20 error npm  v3.10.10
21 error code ELIFECYCLE
22 error webpack-guide@1.0.0 build: `webpack --config webpack.config.js`
22 error Exit status 1
23 error Failed at the webpack-guide@1.0.0 build script 'webpack --config webpack.config.js'.
23 error Make sure you have the latest version of node.js and npm installed.
23 error If you do, this is most likely a problem with the webpack-guide package,
23 error not with npm itself.
23 error Tell the author that this fails on your system:
23 error     webpack --config webpack.config.js
23 error You can get information on how to open an issue for this project with:
23 error     npm bugs webpack-guide
23 error Or if that isn't available, you can get their info via:
23 error     npm owner ls webpack-guide
23 error There is likely additional logging output above.
24 verbose exit [ 1, true ]
